[2025-07-08T07:26:19.060Z] [Items Fetched] Count: 0
[2025-07-08T07:26:43.463Z] [Item Saved] ID: 686cc8331ecba8f941d2ef0c, Type: lost, Name: dr
[2025-07-08T07:26:43.576Z] [Items Fetched] Count: 1
[2025-07-08T07:26:43.651Z] [Items Fetched] Count: 1
[2025-07-08T07:35:30.038Z] [Items Fetched] Count: 1
[2025-07-08T07:44:56.698Z] [Items Fetched] Count: 1
[2025-07-08T07:45:34.387Z] [Items Fetched] Count: 1
[2025-07-08T07:46:09.799Z] [Items Fetched] Count: 1
[2025-07-08T07:46:21.083Z] [Items Fetched] Count: 1
[2025-07-08T08:28:14.097Z] [Items Fetched] Count: 1
[2025-07-08T08:28:24.573Z] [Items Fetched] Count: 1
[2025-07-08T08:28:48.213Z] [Items Fetched] Count: 1
[2025-07-08T08:28:55.344Z] [Items Fetched] Count: 1
[2025-07-08T08:28:56.325Z] [Items Fetched] Count: 1
[2025-07-08T08:28:57.209Z] [Items Fetched] Count: 1
[2025-07-08T08:29:25.892Z] [Multer Error] File too large
[2025-07-08T08:29:26.013Z] [Items Fetched] Count: 1
[2025-07-08T08:29:26.073Z] [Items Fetched] Count: 1
[2025-07-08T08:29:26.158Z] [Items Fetched] Count: 1
[2025-07-08T08:29:28.778Z] [Items Fetched] Count: 1
[2025-07-08T08:29:29.812Z] [Items Fetched] Count: 1
[2025-07-08T08:29:30.460Z] [Items Fetched] Count: 1
[2025-07-08T08:29:31.078Z] [Items Fetched] Count: 1
[2025-07-08T08:30:08.127Z] [Multer Error] File too large
[2025-07-08T08:30:08.289Z] [Items Fetched] Count: 1
[2025-07-08T08:30:08.387Z] [Items Fetched] Count: 1
[2025-07-08T08:32:09.538Z] [Items Fetched] Count: 1
[2025-07-08T08:32:19.294Z] [Items Fetched] Count: 1
[2025-07-08T08:36:18.514Z] [Items Fetched] Count: 1
[2025-07-08T08:36:59.801Z] [Item Saved] ID: 686cd8ab1ecba8f941d2ef27, Type: found, Name: sert
[2025-07-08T08:36:59.814Z] [Items Fetched] Count: 2
[2025-07-08T08:37:00.026Z] [Items Fetched] Count: 2
[2025-07-08T08:37:09.928Z] [Items Fetched] Count: 2
[2025-07-08T08:37:10.866Z] [Items Fetched] Count: 2
[2025-07-08T08:37:11.641Z] [Items Fetched] Count: 2
[2025-07-08T08:37:24.530Z] [Items Fetched] Count: 2
[2025-07-08T08:41:13.634Z] [Items Fetched] Count: 2
[2025-07-08T08:41:13.926Z] [Items Fetched] Count: 2
[2025-07-08T08:41:14.323Z] [Items Fetched] Count: 2
[2025-07-08T08:41:14.542Z] [Items Fetched] Count: 2
[2025-07-08T08:41:29.105Z] [Items Fetched] Count: 2
[2025-07-08T08:41:35.808Z] [Items Fetched] Count: 2
[2025-07-08T08:59:10.679Z] [Items Fetched] Count: 2
[2025-07-08T08:59:11.726Z] [Items Fetched] Count: 2
[2025-07-08T08:59:23.541Z] [Items Fetched] Count: 2
[2025-07-08T09:00:04.477Z] [Items Fetched] Count: 2
[2025-07-08T09:00:42.286Z] [Items Fetched] Count: 2
[2025-07-08T09:01:14.699Z] [Items Fetched] Count: 2
[2025-07-08T09:04:37.228Z] [Items Fetched] Count: 2
[2025-07-08T09:05:16.533Z] [Item Saved] ID: 686cdf4c3d373870e664d7e5, Type: lost, Name: retalbe
[2025-07-08T09:05:16.546Z] [Items Fetched] Count: 3
[2025-07-08T09:05:16.699Z] [Items Fetched] Count: 3
[2025-07-08T09:29:11.321Z] [Items Fetched] Count: 3
[2025-07-08T10:45:11.963Z] [Items Fetched] Count: 3
[2025-07-09T06:06:20.962Z] [Items Fetched] Count: 3
[2025-07-09T06:06:24.051Z] [Items Fetched] Count: 3
[2025-07-09T06:06:43.625Z] [Items Fetched] Count: 3
[2025-07-09T06:06:49.025Z] [Items Fetched] Count: 3
[2025-07-09T07:25:18.424Z] [Items Fetched] Count: 3
[2025-07-09T07:25:22.445Z] [Items Fetched] Count: 3
[2025-07-09T07:29:58.542Z] [Items Fetched] Count: 3
[2025-07-09T07:30:02.216Z] [Items Fetched] Count: 3
[2025-07-09T07:32:28.701Z] [Items Fetched] Count: 3
[2025-07-09T08:05:35.455Z] [Items Fetched] Count: 3
[2025-07-09T08:14:09.657Z] [Items Fetched] Count: 3
[2025-07-09T08:24:29.271Z] [Items Fetched] Count: 3
[2025-07-09T08:24:31.893Z] [Items Fetched] Count: 3
[2025-07-09T08:30:02.606Z] [Items Fetched] Count: 3
[2025-07-09T08:37:57.316Z] [Items Fetched] Count: 3
[2025-07-09T08:40:33.632Z] [Items Fetched] Count: 3
