[2025-07-08T07:26:19.060Z] [Items Fetched] Count: 0
[2025-07-08T07:26:43.463Z] [Item Saved] ID: 686cc8331ecba8f941d2ef0c, Type: lost, Name: dr
[2025-07-08T07:26:43.576Z] [Items Fetched] Count: 1
[2025-07-08T07:26:43.651Z] [Items Fetched] Count: 1
[2025-07-08T07:35:30.038Z] [Items Fetched] Count: 1
[2025-07-08T07:44:56.698Z] [Items Fetched] Count: 1
[2025-07-08T07:45:34.387Z] [Items Fetched] Count: 1
[2025-07-08T07:46:09.799Z] [Items Fetched] Count: 1
[2025-07-08T07:46:21.083Z] [Items Fetched] Count: 1
[2025-07-08T08:28:14.097Z] [Items Fetched] Count: 1
[2025-07-08T08:28:24.573Z] [Items Fetched] Count: 1
[2025-07-08T08:28:48.213Z] [Items Fetched] Count: 1
[2025-07-08T08:28:55.344Z] [Items Fetched] Count: 1
[2025-07-08T08:28:56.325Z] [Items Fetched] Count: 1
[2025-07-08T08:28:57.209Z] [Items Fetched] Count: 1
[2025-07-08T08:29:25.892Z] [Multer Error] File too large
[2025-07-08T08:29:26.013Z] [Items Fetched] Count: 1
[2025-07-08T08:29:26.073Z] [Items Fetched] Count: 1
[2025-07-08T08:29:26.158Z] [Items Fetched] Count: 1
[2025-07-08T08:29:28.778Z] [Items Fetched] Count: 1
[2025-07-08T08:29:29.812Z] [Items Fetched] Count: 1
[2025-07-08T08:29:30.460Z] [Items Fetched] Count: 1
[2025-07-08T08:29:31.078Z] [Items Fetched] Count: 1
[2025-07-08T08:30:08.127Z] [Multer Error] File too large
[2025-07-08T08:30:08.289Z] [Items Fetched] Count: 1
[2025-07-08T08:30:08.387Z] [Items Fetched] Count: 1
[2025-07-08T08:32:09.538Z] [Items Fetched] Count: 1
[2025-07-08T08:32:19.294Z] [Items Fetched] Count: 1
[2025-07-08T08:36:18.514Z] [Items Fetched] Count: 1
[2025-07-08T08:36:59.801Z] [Item Saved] ID: 686cd8ab1ecba8f941d2ef27, Type: found, Name: sert
[2025-07-08T08:36:59.814Z] [Items Fetched] Count: 2
[2025-07-08T08:37:00.026Z] [Items Fetched] Count: 2
[2025-07-08T08:37:09.928Z] [Items Fetched] Count: 2
[2025-07-08T08:37:10.866Z] [Items Fetched] Count: 2
[2025-07-08T08:37:11.641Z] [Items Fetched] Count: 2
[2025-07-08T08:37:24.530Z] [Items Fetched] Count: 2
[2025-07-08T08:41:13.634Z] [Items Fetched] Count: 2
[2025-07-08T08:41:13.926Z] [Items Fetched] Count: 2
[2025-07-08T08:41:14.323Z] [Items Fetched] Count: 2
[2025-07-08T08:41:14.542Z] [Items Fetched] Count: 2
[2025-07-08T08:41:29.105Z] [Items Fetched] Count: 2
[2025-07-08T08:41:35.808Z] [Items Fetched] Count: 2
[2025-07-08T08:59:10.679Z] [Items Fetched] Count: 2
[2025-07-08T08:59:11.726Z] [Items Fetched] Count: 2
[2025-07-08T08:59:23.541Z] [Items Fetched] Count: 2
[2025-07-08T09:00:04.477Z] [Items Fetched] Count: 2
[2025-07-08T09:00:42.286Z] [Items Fetched] Count: 2
[2025-07-08T09:01:14.699Z] [Items Fetched] Count: 2
[2025-07-08T09:04:37.228Z] [Items Fetched] Count: 2
[2025-07-08T09:05:16.533Z] [Item Saved] ID: 686cdf4c3d373870e664d7e5, Type: lost, Name: retalbe
[2025-07-08T09:05:16.546Z] [Items Fetched] Count: 3
[2025-07-08T09:05:16.699Z] [Items Fetched] Count: 3
[2025-07-08T09:29:11.321Z] [Items Fetched] Count: 3
[2025-07-08T10:45:11.963Z] [Items Fetched] Count: 3
[2025-07-09T06:06:20.962Z] [Items Fetched] Count: 3
[2025-07-09T06:06:24.051Z] [Items Fetched] Count: 3
[2025-07-09T06:06:43.625Z] [Items Fetched] Count: 3
[2025-07-09T06:06:49.025Z] [Items Fetched] Count: 3
[2025-07-09T07:25:18.424Z] [Items Fetched] Count: 3
[2025-07-09T07:25:22.445Z] [Items Fetched] Count: 3
[2025-07-09T07:29:58.542Z] [Items Fetched] Count: 3
[2025-07-09T07:30:02.216Z] [Items Fetched] Count: 3
[2025-07-09T07:32:28.701Z] [Items Fetched] Count: 3
[2025-07-09T08:05:35.455Z] [Items Fetched] Count: 3
[2025-07-09T08:14:09.657Z] [Items Fetched] Count: 3
[2025-07-09T08:24:29.271Z] [Items Fetched] Count: 3
[2025-07-09T08:24:31.893Z] [Items Fetched] Count: 3
[2025-07-09T08:30:02.606Z] [Items Fetched] Count: 3
[2025-07-09T08:37:57.316Z] [Items Fetched] Count: 3
[2025-07-09T08:40:33.632Z] [Items Fetched] Count: 3
[2025-07-13T06:29:44.238Z] [Items Fetched] Count: 4
[2025-07-13T06:33:25.769Z] [Items Fetched] Count: 4
[2025-07-14T18:52:06.240Z] [DEBUG] GET / route hit
[2025-07-14T18:52:06.246Z] [Items Fetched] Count: 0
[2025-07-14T18:52:16.568Z] [DEBUG] GET / route hit
[2025-07-14T18:52:16.570Z] [Items Fetched] Count: 0
[2025-07-14T18:52:46.042Z] [DEBUG] POST / route hit
[2025-07-14T18:52:46.058Z] [Item Saved] ID: 687551fe2c4c6057dd058a7a, Type: lost, Name: wallet
[2025-07-14T18:52:46.067Z] [DEBUG] GET / route hit
[2025-07-14T18:52:46.070Z] [Items Fetched] Count: 1
[2025-07-14T18:56:44.019Z] [DEBUG] GET / route hit
[2025-07-14T18:56:44.022Z] [Items Fetched] Count: 1
[2025-07-14T18:56:53.359Z] [DEBUG] GET / route hit
[2025-07-14T18:56:53.361Z] [Items Fetched] Count: 1
[2025-07-14T18:57:43.486Z] [DEBUG] GET / route hit
[2025-07-14T18:57:43.489Z] [Items Fetched] Count: 1
[2025-07-14T18:57:48.464Z] [DEBUG] GET / route hit
[2025-07-14T18:57:48.466Z] [Items Fetched] Count: 1
[2025-07-14T19:08:47.297Z] [DEBUG] GET / route hit
[2025-07-14T19:08:47.301Z] [Items Fetched] Count: 1
[2025-07-16T13:03:55.279Z] [DEBUG] GET / route hit
[2025-07-16T13:03:55.288Z] [Items Fetched] Count: 1
[2025-07-16T13:07:41.572Z] [DEBUG] GET / route hit
[2025-07-16T13:07:41.575Z] [Items Fetched] Count: 1
[2025-07-19T08:21:47.296Z] [DEBUG] GET / route hit
[2025-07-19T08:21:47.331Z] [Items Fetched] Count: 1
[2025-07-19T09:10:44.058Z] [DEBUG] GET / route hit
[2025-07-19T09:10:44.066Z] [Items Fetched] Count: 1
[2025-07-19T09:11:50.681Z] [DEBUG] GET / route hit
[2025-07-19T09:11:50.685Z] [Items Fetched] Count: 1
[2025-07-19T09:11:51.543Z] [DEBUG] GET / route hit
[2025-07-19T09:11:51.547Z] [Items Fetched] Count: 1
[2025-07-19T09:12:15.093Z] [DEBUG] GET / route hit
[2025-07-19T09:12:15.099Z] [Items Fetched] Count: 1
[2025-07-19T09:12:34.531Z] [DEBUG] GET / route hit
[2025-07-19T09:12:34.535Z] [Items Fetched] Count: 1
[2025-07-19T09:13:37.070Z] [DEBUG] GET / route hit
[2025-07-19T09:13:37.074Z] [Items Fetched] Count: 1
[2025-07-19T09:14:43.654Z] [DEBUG] GET / route hit
[2025-07-19T09:14:43.657Z] [Items Fetched] Count: 1
[2025-07-19T09:14:44.758Z] [DEBUG] GET / route hit
[2025-07-19T09:14:44.761Z] [Items Fetched] Count: 1
[2025-07-19T09:14:44.992Z] [DEBUG] GET / route hit
[2025-07-19T09:14:44.995Z] [Items Fetched] Count: 1
[2025-07-19T09:14:45.184Z] [DEBUG] GET / route hit
[2025-07-19T09:14:45.187Z] [Items Fetched] Count: 1
[2025-07-19T09:14:45.426Z] [DEBUG] GET / route hit
[2025-07-19T09:14:45.428Z] [Items Fetched] Count: 1
[2025-07-19T09:17:09.423Z] [DEBUG] GET / route hit
[2025-07-19T09:17:09.426Z] [Items Fetched] Count: 1
[2025-07-19T09:17:10.149Z] [DEBUG] GET / route hit
[2025-07-19T09:17:10.152Z] [Items Fetched] Count: 1
[2025-07-19T09:17:10.365Z] [DEBUG] GET / route hit
[2025-07-19T09:17:10.368Z] [Items Fetched] Count: 1
[2025-07-19T09:17:10.608Z] [DEBUG] GET / route hit
[2025-07-19T09:17:10.610Z] [Items Fetched] Count: 1
[2025-07-19T09:17:11.054Z] [DEBUG] GET / route hit
[2025-07-19T09:17:11.058Z] [Items Fetched] Count: 1
[2025-07-19T09:17:11.277Z] [DEBUG] GET / route hit
[2025-07-19T09:17:11.279Z] [Items Fetched] Count: 1
[2025-07-19T09:17:11.487Z] [DEBUG] GET / route hit
[2025-07-19T09:17:11.491Z] [Items Fetched] Count: 1
[2025-07-19T09:17:11.815Z] [DEBUG] GET / route hit
[2025-07-19T09:17:11.818Z] [Items Fetched] Count: 1
[2025-07-19T09:17:12.045Z] [DEBUG] GET / route hit
[2025-07-19T09:17:12.048Z] [Items Fetched] Count: 1
[2025-07-19T09:18:39.419Z] [DEBUG] GET / route hit
[2025-07-19T09:18:39.422Z] [Items Fetched] Count: 1
[2025-07-19T09:18:40.425Z] [DEBUG] GET / route hit
[2025-07-19T09:18:40.429Z] [Items Fetched] Count: 1
[2025-07-19T09:18:40.649Z] [DEBUG] GET / route hit
[2025-07-19T09:18:40.652Z] [Items Fetched] Count: 1
[2025-07-19T09:18:40.859Z] [DEBUG] GET / route hit
[2025-07-19T09:18:40.862Z] [Items Fetched] Count: 1
[2025-07-19T09:18:41.094Z] [DEBUG] GET / route hit
[2025-07-19T09:18:41.096Z] [Items Fetched] Count: 1
[2025-07-19T09:18:41.341Z] [DEBUG] GET / route hit
[2025-07-19T09:18:41.344Z] [Items Fetched] Count: 1
[2025-07-19T09:19:11.515Z] [DEBUG] GET / route hit
[2025-07-19T09:19:11.519Z] [Items Fetched] Count: 1
[2025-07-19T09:19:20.886Z] [DEBUG] GET / route hit
[2025-07-19T09:19:20.889Z] [Items Fetched] Count: 1
[2025-07-19T09:20:25.862Z] [DEBUG] GET / route hit
[2025-07-19T09:20:25.865Z] [Items Fetched] Count: 1
[2025-07-19T09:20:26.535Z] [DEBUG] GET / route hit
[2025-07-19T09:20:26.537Z] [Items Fetched] Count: 1
[2025-07-19T09:20:29.683Z] [DEBUG] GET / route hit
[2025-07-19T09:20:29.687Z] [Items Fetched] Count: 1
[2025-07-19T09:20:42.777Z] [DEBUG] GET / route hit
[2025-07-19T09:20:42.782Z] [Items Fetched] Count: 1
[2025-07-19T09:20:43.709Z] [DEBUG] GET / route hit
[2025-07-19T09:20:43.712Z] [Items Fetched] Count: 1
[2025-07-19T09:20:43.924Z] [DEBUG] GET / route hit
[2025-07-19T09:20:43.927Z] [Items Fetched] Count: 1
[2025-07-19T09:20:44.121Z] [DEBUG] GET / route hit
[2025-07-19T09:20:44.124Z] [Items Fetched] Count: 1
[2025-07-19T09:20:44.358Z] [DEBUG] GET / route hit
[2025-07-19T09:20:44.361Z] [Items Fetched] Count: 1
[2025-07-19T09:20:44.598Z] [DEBUG] GET / route hit
[2025-07-19T09:20:44.601Z] [Items Fetched] Count: 1
[2025-07-19T09:20:44.895Z] [DEBUG] GET / route hit
[2025-07-19T09:20:44.898Z] [Items Fetched] Count: 1
[2025-07-19T09:20:45.120Z] [DEBUG] GET / route hit
[2025-07-19T09:20:45.123Z] [Items Fetched] Count: 1
[2025-07-19T09:23:34.743Z] [DEBUG] GET / route hit
[2025-07-19T09:23:34.764Z] [Items Fetched] Count: 1
[2025-07-19T09:24:03.099Z] [DEBUG] GET / route hit
[2025-07-19T09:24:03.106Z] [Items Fetched] Count: 1
[2025-07-19T09:24:47.308Z] [DEBUG] GET / route hit
[2025-07-19T09:24:47.313Z] [Items Fetched] Count: 1
[2025-07-19T09:25:05.605Z] [DEBUG] GET / route hit
[2025-07-19T09:25:05.612Z] [Items Fetched] Count: 1
[2025-07-19T09:25:14.207Z] [DEBUG] GET / route hit
[2025-07-19T09:25:14.211Z] [Items Fetched] Count: 1
[2025-07-19T09:26:16.263Z] [DEBUG] GET / route hit
[2025-07-19T09:26:16.267Z] [Items Fetched] Count: 1
[2025-07-19T09:26:17.189Z] [DEBUG] GET / route hit
[2025-07-19T09:26:17.194Z] [Items Fetched] Count: 1
[2025-07-19T09:26:17.412Z] [DEBUG] GET / route hit
[2025-07-19T09:26:17.416Z] [Items Fetched] Count: 1
[2025-07-19T09:26:17.620Z] [DEBUG] GET / route hit
[2025-07-19T09:26:17.626Z] [Items Fetched] Count: 1
[2025-07-19T09:27:49.785Z] [DEBUG] GET / route hit
[2025-07-19T09:27:49.789Z] [Items Fetched] Count: 1
[2025-07-19T09:29:43.489Z] [DEBUG] GET / route hit
[2025-07-19T09:29:43.492Z] [Items Fetched] Count: 1
[2025-07-19T09:57:53.937Z] [DEBUG] GET / route hit
[2025-07-19T09:57:53.942Z] [Items Fetched] Count: 1
[2025-07-19T09:59:15.585Z] [DEBUG] GET / route hit
[2025-07-19T09:59:15.588Z] [Items Fetched] Count: 1
[2025-07-19T11:50:12.890Z] [DEBUG] GET / route hit
[2025-07-19T11:50:12.910Z] [Items Fetched] Count: 1
[2025-07-19T12:14:19.142Z] [DEBUG] GET / route hit
[2025-07-19T12:14:19.147Z] [Items Fetched] Count: 1
[2025-07-20T05:18:00.370Z] [DEBUG] GET / route hit
[2025-07-20T05:18:00.382Z] [Items Fetched] Count: 1
[2025-07-20T05:18:03.296Z] [DEBUG] GET / route hit
[2025-07-20T05:18:03.297Z] [Items Fetched] Count: 1
[2025-07-20T05:18:04.017Z] [DEBUG] GET / route hit
[2025-07-20T05:18:04.020Z] [Items Fetched] Count: 1
[2025-07-20T05:18:48.310Z] [DEBUG] GET / route hit
[2025-07-20T05:18:48.311Z] [Items Fetched] Count: 1
[2025-07-20T05:18:54.426Z] [DEBUG] GET / route hit
[2025-07-20T05:18:54.427Z] [Items Fetched] Count: 1
[2025-07-20T05:18:54.909Z] [DEBUG] GET / route hit
[2025-07-20T05:18:54.911Z] [Items Fetched] Count: 1
[2025-07-20T05:18:55.176Z] [DEBUG] GET / route hit
[2025-07-20T05:18:55.178Z] [Items Fetched] Count: 1
[2025-07-20T05:18:55.372Z] [DEBUG] GET / route hit
[2025-07-20T05:18:55.373Z] [Items Fetched] Count: 1
[2025-07-20T05:18:55.583Z] [DEBUG] GET / route hit
[2025-07-20T05:18:55.584Z] [Items Fetched] Count: 1
[2025-07-20T05:18:55.819Z] [DEBUG] GET / route hit
[2025-07-20T05:18:55.821Z] [Items Fetched] Count: 1
[2025-07-20T05:19:51.233Z] [DEBUG] GET / route hit
[2025-07-20T05:19:51.234Z] [Items Fetched] Count: 1
[2025-07-20T05:20:18.312Z] [DEBUG] GET / route hit
[2025-07-20T05:20:18.313Z] [Items Fetched] Count: 1
[2025-07-20T05:20:56.680Z] [DEBUG] POST / route hit
[2025-07-20T05:20:56.683Z] [Multer Error] Only JPEG, PNG, and PDF files are allowed
[2025-07-20T05:20:58.972Z] [DEBUG] POST / route hit
[2025-07-20T05:20:58.973Z] [Multer Error] Only JPEG, PNG, and PDF files are allowed
[2025-07-20T05:21:30.412Z] [DEBUG] POST / route hit
[2025-07-20T05:21:30.442Z] [Item Saved] ID: 687c7cda4046865fbed32a2c, Type: lost, Name: red acrpet
[2025-07-20T05:21:30.450Z] [DEBUG] GET / route hit
[2025-07-20T05:21:30.451Z] [Items Fetched] Count: 2
[2025-07-20T05:23:05.758Z] [DEBUG] GET / route hit
[2025-07-20T05:23:05.764Z] [Items Fetched] Count: 2
[2025-07-20T05:23:22.887Z] [DEBUG] GET / route hit
[2025-07-20T05:23:22.889Z] [Items Fetched] Count: 2
[2025-07-20T05:24:23.678Z] [DEBUG] GET / route hit
[2025-07-20T05:24:23.680Z] [Items Fetched] Count: 2
[2025-07-20T05:24:25.110Z] [DEBUG] GET / route hit
[2025-07-20T05:24:25.112Z] [Items Fetched] Count: 2
[2025-07-20T05:24:26.769Z] [DEBUG] GET / route hit
[2025-07-20T05:24:26.770Z] [Items Fetched] Count: 2
[2025-07-20T05:26:31.355Z] [DEBUG] GET / route hit
[2025-07-20T05:26:31.357Z] [Items Fetched] Count: 2
[2025-07-20T05:26:40.942Z] [DEBUG] GET / route hit
[2025-07-20T05:26:40.944Z] [Items Fetched] Count: 2
[2025-07-20T05:29:17.100Z] [DEBUG] GET / route hit
[2025-07-20T05:29:17.101Z] [Items Fetched] Count: 2
[2025-07-20T05:33:19.995Z] [DEBUG] GET / route hit
[2025-07-20T05:33:19.997Z] [Items Fetched] Count: 2
[2025-07-20T05:33:23.332Z] [DEBUG] GET / route hit
[2025-07-20T05:33:23.335Z] [Items Fetched] Count: 2
[2025-07-20T05:33:24.904Z] [DEBUG] GET / route hit
[2025-07-20T05:33:24.905Z] [Items Fetched] Count: 2
[2025-07-20T05:52:37.798Z] [DEBUG] GET / route hit
[2025-07-20T05:52:37.799Z] [Items Fetched] Count: 2
[2025-07-20T05:52:58.974Z] [DEBUG] GET / route hit
[2025-07-20T05:52:58.976Z] [Items Fetched] Count: 2
[2025-07-20T06:21:05.793Z] [DEBUG] GET / route hit
[2025-07-20T06:21:05.800Z] [Items Fetched] Count: 2
[2025-07-20T06:23:03.124Z] [DEBUG] GET / route hit
[2025-07-20T06:23:03.129Z] [Items Fetched] Count: 2
[2025-07-20T07:35:58.392Z] [DEBUG] GET / route hit
[2025-07-20T07:35:58.395Z] [Items Fetched] Count: 2
[2025-07-20T07:39:19.510Z] [DEBUG] GET / route hit
[2025-07-20T07:39:19.513Z] [Items Fetched] Count: 2
[2025-07-20T07:47:38.939Z] [DEBUG] GET / route hit
[2025-07-20T07:47:38.942Z] [Items Fetched] Count: 2
[2025-07-20T07:49:22.965Z] [DEBUG] GET / route hit
[2025-07-20T07:49:22.968Z] [Items Fetched] Count: 2
[2025-07-20T07:49:44.948Z] [DEBUG] GET / route hit
[2025-07-20T07:49:44.951Z] [Items Fetched] Count: 2
[2025-07-20T07:49:59.034Z] [DEBUG] GET / route hit
[2025-07-20T07:49:59.038Z] [Items Fetched] Count: 2
[2025-07-20T07:50:08.054Z] [DEBUG] GET / route hit
[2025-07-20T07:50:08.056Z] [Items Fetched] Count: 2
[2025-07-20T07:50:17.831Z] [DEBUG] GET / route hit
[2025-07-20T07:50:17.835Z] [Items Fetched] Count: 2
[2025-07-20T07:50:31.284Z] [DEBUG] GET / route hit
[2025-07-20T07:50:31.286Z] [Items Fetched] Count: 2
[2025-07-20T07:50:47.248Z] [DEBUG] GET / route hit
[2025-07-20T07:50:47.253Z] [Items Fetched] Count: 2
[2025-07-20T07:57:19.979Z] [DEBUG] GET / route hit
[2025-07-20T07:57:19.982Z] [Items Fetched] Count: 2
[2025-07-20T07:57:28.147Z] [DEBUG] GET / route hit
[2025-07-20T07:57:28.149Z] [Items Fetched] Count: 2
[2025-07-20T07:57:43.668Z] [DEBUG] GET / route hit
[2025-07-20T07:57:43.671Z] [Items Fetched] Count: 2
[2025-07-20T07:59:40.927Z] [DEBUG] GET / route hit
[2025-07-20T07:59:40.929Z] [Items Fetched] Count: 2
[2025-07-20T08:01:07.114Z] [DEBUG] GET / route hit
[2025-07-20T08:01:07.117Z] [Items Fetched] Count: 2
[2025-07-20T08:01:17.934Z] [DEBUG] GET / route hit
[2025-07-20T08:01:17.937Z] [Items Fetched] Count: 2
[2025-07-20T08:01:21.617Z] [DEBUG] GET / route hit
[2025-07-20T08:01:21.620Z] [Items Fetched] Count: 2
[2025-07-20T08:01:26.411Z] [DEBUG] GET / route hit
[2025-07-20T08:01:26.413Z] [Items Fetched] Count: 2
[2025-07-20T08:08:20.152Z] [DEBUG] GET / route hit
[2025-07-20T08:08:20.155Z] [Items Fetched] Count: 2
[2025-07-20T08:08:26.145Z] [DEBUG] GET / route hit
[2025-07-20T08:08:26.146Z] [Items Fetched] Count: 2
[2025-07-20T08:08:44.180Z] [DEBUG] GET / route hit
[2025-07-20T08:08:44.183Z] [Items Fetched] Count: 2
[2025-07-20T08:09:07.516Z] [DEBUG] GET / route hit
[2025-07-20T08:09:07.519Z] [Items Fetched] Count: 2
[2025-07-20T08:09:45.284Z] [DEBUG] GET / route hit
[2025-07-20T08:09:45.286Z] [Items Fetched] Count: 0
[2025-07-20T08:16:53.696Z] [DEBUG] GET / route hit
[2025-07-20T08:16:53.699Z] [Items Fetched] Count: 0
[2025-07-20T08:20:20.567Z] [DEBUG] GET / route hit
[2025-07-20T08:20:20.569Z] [Items Fetched] Count: 0
[2025-07-20T08:20:48.887Z] [DEBUG] GET / route hit
[2025-07-20T08:20:48.892Z] [Items Fetched] Count: 0
[2025-07-20T08:21:28.037Z] [DEBUG] POST / route hit
[2025-07-20T08:21:28.058Z] [Error creating item] LostItem validation failed: postedBy: Path `postedBy` is required.
[2025-07-20T08:21:47.664Z] [DEBUG] POST / route hit
[2025-07-20T08:21:47.670Z] [Error creating item] LostItem validation failed: postedBy: Path `postedBy` is required.
[2025-07-20T08:21:57.387Z] [DEBUG] GET / route hit
[2025-07-20T08:21:57.391Z] [Items Fetched] Count: 0
[2025-07-20T08:22:24.402Z] [DEBUG] POST / route hit
[2025-07-20T08:22:24.406Z] [Error creating item] LostItem validation failed: postedBy: Path `postedBy` is required.
[2025-07-20T08:24:42.451Z] [DEBUG] POST / route hit
[2025-07-20T08:24:42.455Z] [Error creating item] LostItem validation failed: postedBy: Path `postedBy` is required.
[2025-07-20T08:24:45.316Z] [DEBUG] GET / route hit
[2025-07-20T08:24:45.319Z] [Items Fetched] Count: 0
[2025-07-20T08:25:10.789Z] [DEBUG] POST / route hit
[2025-07-20T08:25:10.792Z] [Error creating item] LostItem validation failed: postedBy: Path `postedBy` is required.
[2025-07-20T08:25:51.883Z] [DEBUG] POST / route hit
[2025-07-20T08:25:51.886Z] [Error creating item] LostItem validation failed: postedBy: Path `postedBy` is required.
[2025-07-20T08:25:53.739Z] [DEBUG] GET / route hit
[2025-07-20T08:25:53.741Z] [Items Fetched] Count: 0
[2025-07-20T08:26:15.760Z] [DEBUG] POST / route hit
[2025-07-20T08:26:15.763Z] [Error creating item] LostItem validation failed: postedBy: Path `postedBy` is required.
[2025-07-20T08:28:47.623Z] [DEBUG] POST / route hit
[2025-07-20T08:28:47.626Z] [Error creating item] LostItem validation failed: postedBy: Path `postedBy` is required.
[2025-07-20T08:29:34.334Z] [DEBUG] POST / route hit
[2025-07-20T08:29:34.337Z] [Error creating item] LostItem validation failed: postedBy: Path `postedBy` is required.
[2025-07-20T08:48:59.381Z] [DEBUG] POST / route hit
[2025-07-20T08:48:59.385Z] [Error creating item] LostItem validation failed: postedBy: Path `postedBy` is required.
[2025-07-20T08:50:43.751Z] [DEBUG] GET / route hit
[2025-07-20T08:50:43.753Z] [Items Fetched] Count: 0
[2025-07-20T08:52:39.699Z] [DEBUG] GET / route hit
[2025-07-20T08:52:39.701Z] [Items Fetched] Count: 0
[2025-07-20T08:53:00.191Z] [DEBUG] POST / route hit
[2025-07-20T08:53:00.194Z] [Error creating item] LostItem validation failed: postedBy: Path `postedBy` is required.
[2025-07-20T09:18:05.407Z] [DEBUG] POST / route hit
[2025-07-20T09:18:05.411Z] [Error creating item] LostItem validation failed: postedBy: Path `postedBy` is required.
[2025-07-20T10:01:16.225Z] [DEBUG] POST / route hit
[2025-07-20T10:01:16.229Z] [Error creating item] LostItem validation failed: postedBy: Path `postedBy` is required.
[2025-07-20T10:08:00.722Z] [DEBUG] POST / route hit
[2025-07-20T10:08:00.726Z] [Error creating item] LostItem validation failed: postedBy: Path `postedBy` is required.
[2025-07-20T10:08:02.734Z] [DEBUG] GET / route hit
[2025-07-20T10:08:02.738Z] [Items Fetched] Count: 0
[2025-07-20T10:08:23.638Z] [DEBUG] POST / route hit
[2025-07-20T10:08:23.641Z] [Error creating item] LostItem validation failed: postedBy: Path `postedBy` is required.
[2025-07-20T10:12:04.399Z] [DEBUG] POST / route hit
[2025-07-20T10:12:04.402Z] [Error creating item] LostItem validation failed: postedBy: Path `postedBy` is required.
[2025-07-20T10:12:10.246Z] [DEBUG] GET / route hit
[2025-07-20T10:12:10.248Z] [Items Fetched] Count: 0
[2025-07-20T10:12:19.336Z] [DEBUG] GET / route hit
[2025-07-20T10:12:19.341Z] [Items Fetched] Count: 0
[2025-07-20T10:12:41.500Z] [DEBUG] POST / route hit
[2025-07-20T10:12:41.528Z] [Item Saved] ID: 687cc1198c7f9a39e32db280, PostedBy: 687b874fe078e08d491b1e66
[2025-07-20T10:12:41.547Z] [DEBUG] GET / route hit
[2025-07-20T10:12:41.554Z] [Items Fetched] Count: 1
[2025-07-20T10:17:57.001Z] [DEBUG] GET / route hit
[2025-07-20T10:17:57.005Z] [Items Fetched] Count: 1
[2025-07-20T11:25:02.719Z] [DEBUG] GET / route hit
[2025-07-20T11:25:02.722Z] [Items Fetched] Count: 1
[2025-07-20T11:25:59.062Z] [DEBUG] GET / route hit
[2025-07-20T11:25:59.065Z] [Items Fetched] Count: 1
[2025-07-20T11:47:58.724Z] [DEBUG] GET / route hit
[2025-07-20T11:47:58.730Z] [Items Fetched] Count: 1
[2025-07-20T11:48:00.429Z] [DEBUG] GET / route hit
[2025-07-20T11:48:00.432Z] [Items Fetched] Count: 1
[2025-07-20T11:48:18.014Z] [DEBUG] GET / route hit
[2025-07-20T11:48:18.017Z] [Items Fetched] Count: 1
[2025-07-20T11:55:37.302Z] [DEBUG] GET / route hit
[2025-07-20T11:55:37.304Z] [Items Fetched] Count: 1
[2025-07-20T11:56:37.072Z] [DEBUG] GET / route hit
[2025-07-20T11:56:37.074Z] [Items Fetched] Count: 1
[2025-07-20T12:00:58.460Z] [DEBUG] GET / route hit
[2025-07-20T12:00:58.463Z] [Items Fetched] Count: 1
[2025-07-20T12:01:22.185Z] [DEBUG] GET / route hit
[2025-07-20T12:01:22.189Z] [Items Fetched] Count: 0
[2025-07-20T12:03:39.120Z] [DEBUG] GET / route hit
[2025-07-20T12:03:39.129Z] [Items Fetched] Count: 0
[2025-07-20T12:10:51.375Z] [DEBUG] GET / route hit
[2025-07-20T12:10:51.382Z] [Items Fetched] Count: 0
[2025-07-20T12:11:03.576Z] [DEBUG] GET / route hit
[2025-07-20T12:11:03.579Z] [Items Fetched] Count: 0
[2025-07-22T06:08:42.208Z] [DEBUG] GET / route hit
[2025-07-22T06:08:42.228Z] [Items Fetched] Count: 0
[2025-07-22T06:16:23.586Z] [DEBUG] GET / route hit
[2025-07-22T06:16:23.589Z] [Items Fetched] Count: 0
[2025-07-22T06:16:32.334Z] [DEBUG] GET / route hit
[2025-07-22T06:16:32.336Z] [Items Fetched] Count: 0
[2025-07-22T06:17:21.550Z] [DEBUG] GET / route hit
[2025-07-22T06:17:21.553Z] [Items Fetched] Count: 0
[2025-07-22T06:17:37.288Z] [DEBUG] GET / route hit
[2025-07-22T06:17:37.292Z] [Items Fetched] Count: 0
[2025-07-22T06:17:45.674Z] [DEBUG] GET / route hit
[2025-07-22T06:17:45.680Z] [Items Fetched] Count: 0
[2025-07-22T06:17:49.055Z] [DEBUG] GET / route hit
[2025-07-22T06:17:49.058Z] [Items Fetched] Count: 0
[2025-07-22T06:20:32.344Z] [DEBUG] GET / route hit
[2025-07-22T06:20:32.346Z] [Items Fetched] Count: 0
[2025-07-22T06:20:34.629Z] [DEBUG] GET / route hit
[2025-07-22T06:20:34.631Z] [Items Fetched] Count: 0
[2025-07-22T06:20:47.203Z] [DEBUG] GET / route hit
[2025-07-22T06:20:47.206Z] [Items Fetched] Count: 0
[2025-07-22T06:20:54.356Z] [DEBUG] GET / route hit
[2025-07-22T06:20:54.360Z] [Items Fetched] Count: 0
[2025-07-22T06:32:58.697Z] [DEBUG] GET / route hit
[2025-07-22T06:32:58.700Z] [Items Fetched] Count: 0
[2025-07-22T06:33:04.456Z] [DEBUG] GET / route hit
[2025-07-22T06:33:04.458Z] [Items Fetched] Count: 0
[2025-07-22T06:41:14.445Z] [DEBUG] GET / route hit
[2025-07-22T06:41:14.448Z] [Items Fetched] Count: 0
[2025-07-22T06:41:19.438Z] [DEBUG] GET / route hit
[2025-07-22T06:41:19.440Z] [Items Fetched] Count: 0
[2025-07-22T06:41:26.160Z] [DEBUG] GET / route hit
[2025-07-22T06:41:26.162Z] [Items Fetched] Count: 0
[2025-07-22T06:41:34.522Z] [DEBUG] GET / route hit
[2025-07-22T06:41:34.528Z] [Items Fetched] Count: 0
[2025-07-22T06:41:35.946Z] [DEBUG] GET / route hit
[2025-07-22T06:41:35.948Z] [Items Fetched] Count: 0
[2025-07-22T06:41:38.100Z] [DEBUG] GET / route hit
[2025-07-22T06:41:38.102Z] [Items Fetched] Count: 0
[2025-07-22T06:41:39.469Z] [DEBUG] GET / route hit
[2025-07-22T06:41:39.472Z] [Items Fetched] Count: 0
[2025-07-22T06:41:49.669Z] [DEBUG] GET / route hit
[2025-07-22T06:41:49.671Z] [Items Fetched] Count: 0
[2025-07-22T06:44:51.027Z] [DEBUG] GET / route hit
[2025-07-22T06:44:51.029Z] [Items Fetched] Count: 0
[2025-07-22T06:44:55.491Z] [DEBUG] GET / route hit
[2025-07-22T06:44:55.494Z] [Items Fetched] Count: 0
[2025-07-22T06:45:19.065Z] [DEBUG] POST / route hit
[2025-07-22T06:45:19.141Z] [Item Saved] ID: 687f337fe71f2fc6c346c0a9, PostedBy: 687b874fe078e08d491b1e66
[2025-07-22T06:45:19.159Z] [DEBUG] GET / route hit
[2025-07-22T06:45:19.164Z] [Items Fetched] Count: 1
[2025-07-22T06:45:19.269Z] [DEBUG] GET / route hit
[2025-07-22T06:45:19.273Z] [Items Fetched] Count: 1
[2025-07-22T06:46:24.927Z] [DEBUG] GET / route hit
[2025-07-22T06:46:24.930Z] [Items Fetched] Count: 1
[2025-07-22T06:46:26.195Z] [DEBUG] GET / route hit
[2025-07-22T06:46:26.198Z] [Items Fetched] Count: 1
[2025-07-22T06:46:32.947Z] [DEBUG] GET / route hit
[2025-07-22T06:46:32.951Z] [Items Fetched] Count: 1
[2025-07-22T06:47:38.183Z] [DEBUG] GET / route hit
[2025-07-22T06:47:38.186Z] [Items Fetched] Count: 1
[2025-07-22T06:47:41.766Z] [DEBUG] GET / route hit
[2025-07-22T06:47:41.768Z] [Items Fetched] Count: 1
[2025-07-22T06:47:45.815Z] [DEBUG] GET / route hit
[2025-07-22T06:47:45.819Z] [Items Fetched] Count: 1
[2025-07-22T06:50:21.888Z] [DEBUG] GET / route hit
[2025-07-22T06:50:21.890Z] [Items Fetched] Count: 1
[2025-07-22T06:50:30.009Z] [DEBUG] GET / route hit
[2025-07-22T06:50:30.014Z] [Items Fetched] Count: 1
[2025-07-22T06:50:33.542Z] [DEBUG] GET / route hit
[2025-07-22T06:50:33.546Z] [Items Fetched] Count: 1
[2025-07-22T06:50:35.058Z] [DEBUG] GET / route hit
[2025-07-22T06:50:35.062Z] [Items Fetched] Count: 1
[2025-07-22T06:50:38.206Z] [DEBUG] GET / route hit
[2025-07-22T06:50:38.209Z] [Items Fetched] Count: 1
[2025-07-22T06:51:08.713Z] [DEBUG] GET / route hit
[2025-07-22T06:51:08.716Z] [Items Fetched] Count: 1
[2025-07-22T06:51:13.389Z] [DEBUG] GET / route hit
[2025-07-22T06:51:13.391Z] [Items Fetched] Count: 1
[2025-07-22T06:51:21.467Z] [DEBUG] GET / route hit
[2025-07-22T06:51:21.470Z] [Items Fetched] Count: 1
[2025-07-22T06:52:24.115Z] [DEBUG] GET / route hit
[2025-07-22T06:52:24.118Z] [Items Fetched] Count: 1
[2025-07-22T06:52:28.601Z] [DEBUG] GET / route hit
[2025-07-22T06:52:28.604Z] [Items Fetched] Count: 1
[2025-07-22T06:52:35.487Z] [DEBUG] GET / route hit
[2025-07-22T06:52:35.489Z] [Items Fetched] Count: 1
[2025-07-22T06:53:58.567Z] [DEBUG] GET / route hit
[2025-07-22T06:53:58.570Z] [Items Fetched] Count: 1
[2025-07-22T12:35:32.993Z] [DEBUG] GET / route hit
[2025-07-22T12:35:33.018Z] [Items Fetched] Count: 1
[2025-07-22T15:34:21.835Z] [DEBUG] GET / route hit
[2025-07-22T15:34:21.839Z] [Items Fetched] Count: 1
[2025-07-22T15:34:40.971Z] [DEBUG] GET / route hit
[2025-07-22T15:34:40.975Z] [Items Fetched] Count: 1
[2025-07-22T15:35:13.004Z] [DEBUG] GET / route hit
[2025-07-22T15:35:13.007Z] [Items Fetched] Count: 1
[2025-07-22T15:35:13.280Z] [DEBUG] GET / route hit
[2025-07-22T15:35:13.284Z] [Items Fetched] Count: 1
[2025-07-22T15:35:13.495Z] [DEBUG] GET / route hit
[2025-07-22T15:35:13.497Z] [Items Fetched] Count: 1
[2025-07-25T04:43:00.237Z] [DEBUG] GET / route hit
[2025-07-25T04:43:00.254Z] [Items Fetched] Count: 1
[2025-07-25T04:49:04.816Z] [DEBUG] GET / route hit
[2025-07-25T04:49:04.818Z] [Items Fetched] Count: 1
[2025-07-25T05:21:14.329Z] [DEBUG] GET / route hit
[2025-07-25T05:21:14.332Z] [Items Fetched] Count: 1
[2025-07-25T05:26:27.661Z] [DEBUG] GET / route hit
[2025-07-25T05:26:27.662Z] [Items Fetched] Count: 1
[2025-07-25T05:26:38.558Z] [DEBUG] GET / route hit
[2025-07-25T05:26:38.561Z] [Items Fetched] Count: 1
[2025-07-25T05:26:48.593Z] [DEBUG] GET / route hit
[2025-07-25T05:26:48.595Z] [Items Fetched] Count: 1
[2025-07-25T05:26:49.868Z] [DEBUG] GET / route hit
[2025-07-25T05:26:49.870Z] [Items Fetched] Count: 1
[2025-07-25T05:27:08.329Z] [DEBUG] GET / route hit
[2025-07-25T05:27:08.331Z] [Items Fetched] Count: 1
[2025-07-25T05:27:33.122Z] [DEBUG] POST / route hit
[2025-07-25T05:27:33.157Z] [Item Saved] ID: 688315c57e794a341a0f2f84, PostedBy: 687b874fe078e08d491b1e66
[2025-07-25T05:27:33.166Z] [DEBUG] GET / route hit
[2025-07-25T05:27:33.168Z] [Items Fetched] Count: 2
[2025-07-25T05:27:47.320Z] [DEBUG] GET / route hit
[2025-07-25T05:27:47.321Z] [Items Fetched] Count: 1
[2025-07-25T05:27:57.597Z] [DEBUG] GET / route hit
[2025-07-25T05:27:57.599Z] [Items Fetched] Count: 1
[2025-07-25T05:28:16.880Z] [DEBUG] GET / route hit
[2025-07-25T05:28:16.882Z] [Items Fetched] Count: 1
[2025-07-25T05:29:04.583Z] [DEBUG] GET / route hit
[2025-07-25T05:29:04.584Z] [Items Fetched] Count: 1
[2025-07-25T05:29:06.970Z] [DEBUG] GET / route hit
[2025-07-25T05:29:06.973Z] [Items Fetched] Count: 1
[2025-07-25T05:29:07.835Z] [DEBUG] GET / route hit
[2025-07-25T05:29:07.837Z] [Items Fetched] Count: 1
[2025-07-25T05:39:14.994Z] [DEBUG] GET / route hit
[2025-07-25T05:39:14.996Z] [Items Fetched] Count: 1
[2025-07-25T05:39:45.633Z] [DEBUG] GET / route hit
[2025-07-25T05:39:45.635Z] [Items Fetched] Count: 1
[2025-07-25T05:40:00.621Z] [DEBUG] GET / route hit
[2025-07-25T05:40:00.622Z] [Items Fetched] Count: 1
[2025-07-25T05:41:16.529Z] [DEBUG] GET / route hit
[2025-07-25T05:41:16.531Z] [Items Fetched] Count: 1
[2025-07-25T05:44:35.775Z] [DEBUG] GET / route hit
[2025-07-25T05:44:35.777Z] [Items Fetched] Count: 1
[2025-07-25T05:45:41.125Z] [DEBUG] GET / route hit
[2025-07-25T05:45:41.126Z] [Items Fetched] Count: 1
[2025-07-25T05:56:21.110Z] [DEBUG] GET / route hit
[2025-07-25T05:56:21.112Z] [Items Fetched] Count: 1
[2025-07-25T05:56:35.632Z] [DEBUG] GET / route hit
[2025-07-25T05:56:35.633Z] [Items Fetched] Count: 1
[2025-07-25T05:56:38.508Z] [DEBUG] GET / route hit
[2025-07-25T05:56:38.509Z] [Items Fetched] Count: 1
[2025-07-25T05:59:52.052Z] [DEBUG] GET / route hit
[2025-07-25T05:59:52.054Z] [Items Fetched] Count: 1
[2025-07-25T05:59:53.061Z] [DEBUG] GET / route hit
[2025-07-25T05:59:53.063Z] [Items Fetched] Count: 1
